2014/08/20 14:18:37 AutoIt: 3.3.10.2, AdminMode, OS: WIN_7/SP1/X86, OSLang: 0804, CPUArch: X64, Script: I:\HeartStoneGame\HeartStoneHack\hearthCrawlerMoniter\heartStonePlay.au3

2014/08/20 14:18:37 >have log file
2014/08/20 14:18:37 ***********Debug Info*****************
2014/08/20 14:18:37 >check for heartStone program exist?
2014/08/20 14:18:37 >opening heartStone game program.
2014/08/20 14:19:16 AutoIt: 3.3.10.2, AdminMode, OS: WIN_7/SP1/X86, OSLang: 0804, CPUArch: X64, Script: I:\HeartStoneGame\HeartStoneHack\hearthCrawlerMoniter\heartStonePlay.au3

2014/08/20 14:19:17 >have log file
2014/08/20 14:19:17 ***********Debug Info*****************
2014/08/20 14:19:17 >check for heartStone program exist?
2014/08/20 14:19:17 >opening heartStone game program.
2014/08/20 14:20:19 AutoIt: 3.3.10.2, AdminMode, OS: WIN_7/SP1/X86, OSLang: 0804, CPUArch: X64, Script: I:\HeartStoneGame\HeartStoneHack\hearthCrawlerMoniter\heartStonePlay.au3

2014/08/20 14:20:20 >have log file
2014/08/20 14:20:20 ***********Debug Info*****************
2014/08/20 14:20:20 >check for heartStone program exist?
2014/08/20 14:20:20 >opening heartStone game program.
2014/08/20 14:26:27 AutoIt: 3.3.10.2, AdminMode, OS: WIN_7/SP1/X86, OSLang: 0804, CPUArch: X64, Script: I:\HeartStoneGame\HeartStoneHack\hearthCrawlerMoniter\heartStonePlay.au3

2014/08/20 14:26:27 >have log file
2014/08/20 14:26:27 ***********Debug Info*****************
2014/08/20 14:26:27 >check for heartStone program exist?
2014/08/20 14:26:27 >opening heartStone game program.
2014/08/20 14:26:29 >click enterGame...
2014/08/20 14:26:31 >opening heartStone game program.
2014/08/20 14:26:33 >click enterGame...
2014/08/20 14:26:35 >heartStone had been opened, start play2.
